<?xml version="1.0" encoding="UTF-8"?>
<coverage generated="1490874216">
  <project timestamp="1490874216">
    <package name="dnl_blkv\enum">
      <file name="/Users/daniil/code/simple-php-enum/src/AbstractEnum.php">
        <class name="AbstractEnum" namespace="dnl_blkv\enum">
          <metrics complexity="39" methods="25" coveredmethods="23" conditionals="0" coveredconditionals="0" statements="57" coveredstatements="55" elements="82" coveredelements="78"/>
        </class>
        <line num="73" type="method" name="__construct" visibility="protected" complexity="1" crap="1" count="1"/>
        <line num="75" type="stmt" count="1"/>
        <line num="76" type="stmt" count="1"/>
        <line num="77" type="stmt" count="1"/>
        <line num="85" type="method" name="createFromOrdinal" visibility="public" complexity="2" crap="2" count="4"/>
        <line num="87" type="stmt" count="4"/>
        <line num="88" type="stmt" count="3"/>
        <line num="90" type="stmt" count="1"/>
        <line num="99" type="method" name="isOrdinalDefined" visibility="public" complexity="1" crap="1" count="6"/>
        <line num="101" type="stmt" count="6"/>
        <line num="107" type="method" name="getOrdinalToInstanceMap" visibility="protected" complexity="2" crap="2" count="6"/>
        <line num="109" type="stmt" count="6"/>
        <line num="110" type="stmt" count="2"/>
        <line num="113" type="stmt" count="6"/>
        <line num="119" type="method" name="createOrdinalToInstanceMap" visibility="protected" complexity="3" crap="3" count="2"/>
        <line num="121" type="stmt" count="2"/>
        <line num="123" type="stmt" count="2"/>
        <line num="124" type="stmt" count="2"/>
        <line num="125" type="stmt" count="2"/>
        <line num="129" type="stmt" count="2"/>
        <line num="135" type="method" name="getNameToInstanceMap" visibility="protected" complexity="2" crap="2" count="14"/>
        <line num="137" type="stmt" count="14"/>
        <line num="138" type="stmt" count="1"/>
        <line num="141" type="stmt" count="13"/>
        <line num="147" type="method" name="createNameToInstanceMap" visibility="protected" complexity="3" crap="3.03" count="1"/>
        <line num="149" type="stmt" count="1"/>
        <line num="151" type="stmt" count="1"/>
        <line num="153" type="stmt" count="1"/>
        <line num="154" type="stmt" count="1"/>
        <line num="155" type="stmt" count="1"/>
        <line num="156" type="stmt" count="1"/>
        <line num="160" type="stmt" count="0"/>
        <line num="165" type="method" name="resetLastOrdinal" visibility="protected" complexity="1" crap="1" count="1"/>
        <line num="167" type="stmt" count="1"/>
        <line num="168" type="stmt" count="1"/>
        <line num="173" type="method" name="createSelfReflection" visibility="protected" complexity="1" crap="1" count="1"/>
        <line num="175" type="stmt" count="1"/>
        <line num="183" type="method" name="isEnumConstant" visibility="protected" complexity="1" crap="1" count="1"/>
        <line num="185" type="stmt" count="1"/>
        <line num="193" type="method" name="isSelfDefinedConstant" visibility="protected" complexity="1" crap="1" count="1"/>
        <line num="195" type="stmt" count="1"/>
        <line num="203" type="method" name="assertValidEnumConstantName" visibility="protected" complexity="2" crap="2" count="1"/>
        <line num="205" type="stmt" count="1"/>
        <line num="206" type="stmt" count="1"/>
        <line num="208" type="stmt" count="1"/>
        <line num="215" type="method" name="isValidEnumConstantName" visibility="protected" complexity="2" crap="2" count="12"/>
        <line num="217" type="stmt" count="12"/>
        <line num="225" type="method" name="isPSR1CompliantConstantName" visibility="protected" complexity="1" crap="1" count="12"/>
        <line num="227" type="stmt" count="12"/>
        <line num="235" type="method" name="isEnumConstantName" visibility="protected" complexity="1" crap="1" count="11"/>
        <line num="237" type="stmt" count="11"/>
        <line num="245" type="method" name="getNextOrdinal" visibility="protected" complexity="2" crap="2.06" count="1"/>
        <line num="247" type="stmt" count="1"/>
        <line num="248" type="stmt" count="0"/>
        <line num="250" type="stmt" count="1"/>
        <line num="253" type="stmt" count="1"/>
        <line num="259" type="method" name="getOrdinal" visibility="public" complexity="1" crap="1" count="7"/>
        <line num="261" type="stmt" count="7"/>
        <line num="267" type="method" name="getName" visibility="public" complexity="1" crap="1" count="1"/>
        <line num="269" type="stmt" count="1"/>
        <line num="277" type="method" name="isSame" visibility="public" complexity="1" crap="1" count="5"/>
        <line num="279" type="stmt" count="5"/>
        <line num="289" type="method" name="__callStatic" visibility="public" complexity="2" crap="2" count="12"/>
        <line num="291" type="stmt" count="12"/>
        <line num="292" type="stmt" count="11"/>
        <line num="294" type="stmt" count="10"/>
        <line num="296" type="stmt" count="1"/>
        <line num="297" type="stmt" count="1"/>
        <line num="307" type="method" name="assertArgumentsEmpty" visibility="protected" complexity="2" crap="2" count="11"/>
        <line num="309" type="stmt" count="11"/>
        <line num="310" type="stmt" count="1"/>
        <line num="312" type="stmt" count="10"/>
        <line num="320" type="method" name="createFromName" visibility="public" complexity="2" crap="2" count="12"/>
        <line num="322" type="stmt" count="12"/>
        <line num="323" type="stmt" count="8"/>
        <line num="325" type="stmt" count="3"/>
        <line num="334" type="method" name="isNameDefined" visibility="public" complexity="1" crap="1" count="14"/>
        <line num="336" type="stmt" count="14"/>
        <line num="344" type="method" name="isEqual" visibility="public" complexity="2" crap="2" count="4"/>
        <line num="346" type="stmt" count="4"/>
        <line num="352" type="method" name="__toString" visibility="public" complexity="1" crap="1" count="1"/>
        <line num="354" type="stmt" count="1"/>
        <metrics loc="356" ncloc="209" classes="1" methods="25" coveredmethods="23" conditionals="0" coveredconditionals="0" statements="57" coveredstatements="55" elements="82" coveredelements="78"/>
      </file>
    </package>
    <package name="dnl_blkv\enum\exception">
      <file name="/Users/daniil/code/simple-php-enum/src/exception/InvalidEnumNameException.php">
        <class name="InvalidEnumNameException" namespace="dnl_blkv\enum\exception">
          <metrics complexity="1" methods="1" coveredmethods="1" conditionals="0" coveredconditionals="0" statements="2" coveredstatements="2" elements="3" coveredelements="3"/>
        </class>
        <line num="21" type="method" name="__construct" visibility="public" complexity="1" crap="1" count="1"/>
        <line num="23" type="stmt" count="1"/>
        <line num="24" type="stmt" count="1"/>
        <metrics loc="25" ncloc="15" classes="1" methods="1" coveredmethods="1" conditionals="0" coveredconditionals="0" statements="2" coveredstatements="2" elements="3" coveredelements="3"/>
      </file>
      <file name="/Users/daniil/code/simple-php-enum/src/exception/UndefinedEnumNameException.php">
        <class name="UndefinedEnumNameException" namespace="dnl_blkv\enum\exception">
          <metrics complexity="1" methods="1" coveredmethods="1" conditionals="0" coveredconditionals="0" statements="2" coveredstatements="2" elements="3" coveredelements="3"/>
        </class>
        <line num="22" type="method" name="__construct" visibility="public" complexity="1" crap="1" count="3"/>
        <line num="24" type="stmt" count="3"/>
        <line num="25" type="stmt" count="3"/>
        <metrics loc="26" ncloc="15" classes="1" methods="1" coveredmethods="1" conditionals="0" coveredconditionals="0" statements="2" coveredstatements="2" elements="3" coveredelements="3"/>
      </file>
      <file name="/Users/daniil/code/simple-php-enum/src/exception/UndefinedEnumOrdinalException.php">
        <class name="UndefinedEnumOrdinalException" namespace="dnl_blkv\enum\exception">
          <metrics complexity="1" methods="1" coveredmethods="1" conditionals="0" coveredconditionals="0" statements="2" coveredstatements="2" elements="3" coveredelements="3"/>
        </class>
        <line num="22" type="method" name="__construct" visibility="public" complexity="1" crap="1" count="1"/>
        <line num="24" type="stmt" count="1"/>
        <line num="25" type="stmt" count="1"/>
        <metrics loc="26" ncloc="15" classes="1" methods="1" coveredmethods="1" conditionals="0" coveredconditionals="0" statements="2" coveredstatements="2" elements="3" coveredelements="3"/>
      </file>
    </package>
    <metrics files="4" loc="433" ncloc="254" classes="4" methods="28" coveredmethods="26" conditionals="0" coveredconditionals="0" statements="63" coveredstatements="61" elements="91" coveredelements="87"/>
  </project>
</coverage>
